<?xml version="1.0" encoding="UTF-8"?>
<!-- Generated by org.testng.reporters.JUnitReportReporter -->
<testsuite hostname="srinivas" name="com.sample.selenium.test.SampleTestCase" tests="1" failures="0" timestamp="18 Sep 2016 11:44:28 GMT" time="53.910" errors="0">
  <testcase name="testCase01" time="53.910" classname="com.sample.selenium.test.SampleTestCase"/>
</testsuite> <!-- com.sample.selenium.test.SampleTestCase -->
