<?xml version="1.0" encoding="UTF-8"?>
<!-- Generated by org.testng.reporters.JUnitReportReporter -->
<testsuite hostname="srinivas" name="com.sample.selenium.test.SampleTestCase" tests="1" failures="1" timestamp="11 Sep 2016 14:54:25 GMT" time="72.859" errors="0">
  <testcase name="testCase01" time="72.859" classname="com.sample.selenium.test.SampleTestCase">
    <failure type="org.openqa.selenium.WebDriverException" message="Failed to connect to binary FirefoxBinary(C:\Program Files (x86)\Mozilla Firefox\firefox.exe) on port 7055; process output follows: 
ce6fd}.xpi&quot;,&quot;e&quot;:true,&quot;v&quot;:&quot;47.0.1&quot;,&quot;st&quot;:1473601777912}}}
1473605615772	addons.xpi	DEBUG	No changes found
1473605615795	addons.xpi	DEBUG	Registering manifest for C:\Program Files (x86)\Mozilla Firefox\browser\features\e10srollout@mozilla.org.xpi
1473605615797	addons.xpi	DEBUG	Loading bootstrap scope from C:\Program Files (x86)\Mozilla Firefox\browser\features\e10srollout@mozilla.org.xpi
1473605615839	addons.xpi	DEBUG	Calling bootstrap method startup on e10srollout@mozilla.org version 1.0
1473605615840	addons.xpi	DEBUG	Registering manifest for C:\Program Files (x86)\Mozilla Firefox\browser\features\firefox@getpocket.com.xpi
1473605615842	addons.xpi	DEBUG	Loading bootstrap scope from C:\Program Files (x86)\Mozilla Firefox\browser\features\firefox@getpocket.com.xpi
1473605615855	addons.xpi	DEBUG	Calling bootstrap method startup on firefox@getpocket.com version 1.0.2
1473605615880	addons.xpi-utils	DEBUG	Starting async load of XPI database C:\WINDOWS\TEMP\anonymous81890486667789657webdriver-profile\extensions.json
1473605615884	addons.xpi	DEBUG	Registering manifest for C:\Program Files (x86)\Mozilla Firefox\browser\features\loop@mozilla.org.xpi
1473605615904	addons.xpi	DEBUG	Loading bootstrap scope from C:\Program Files (x86)\Mozilla Firefox\browser\features\loop@mozilla.org.xpi
1473605615923	addons.xpi	DEBUG	Calling bootstrap method startup on loop@mozilla.org version 1.3.2
1473605615988	addons.xpi	DEBUG	Registering manifest for C:\Program Files (x86)\Mozilla Firefox\browser\extensions\{82AF8DCA-6DE9-405D-BD5E-43525BDAD38A}.xpi
1473605615989	addons.xpi	DEBUG	Loading bootstrap scope from C:\Program Files (x86)\Mozilla Firefox\browser\extensions\{82AF8DCA-6DE9-405D-BD5E-43525BDAD38A}.xpi
1473605616253	addons.xpi	DEBUG	Calling bootstrap method startup on {82AF8DCA-6DE9-405D-BD5E-43525BDAD38A} version 8.3.0.9150
1473605616270	addons.manager	DEBUG	Registering shutdown blocker for XPIProvider
1473605616272	addons.manager	DEBUG	Provider finished startup: XPIProvider
1473605616272	addons.manager	DEBUG	Starting provider: LightweightThemeManager
1473605616272	addons.manager	DEBUG	Registering shutdown blocker for LightweightThemeManager
1473605616273	addons.manager	DEBUG	Provider finished startup: LightweightThemeManager
1473605616274	addons.manager	DEBUG	Starting provider: GMPProvider
1473605616295	addons.manager	DEBUG	Registering shutdown blocker for GMPProvider
1473605616296	addons.manager	DEBUG	Provider finished startup: GMPProvider
1473605616296	addons.manager	DEBUG	Starting provider: PluginProvider
1473605616297	addons.manager	DEBUG	Registering shutdown blocker for PluginProvider
1473605616298	addons.manager	DEBUG	Provider finished startup: PluginProvider
1473605616299	addons.manager	DEBUG	Completed startup sequence
JavaScript warning: resource://gre/modules/commonjs/toolkit/loader.js -&gt; resource://gre/modules/commonjs/sdk/system/environment.js, line 15: Proxy.create and Proxy.createFunction are deprecated, use new Proxy instead
1473605617790	addons.xpi-utils	DEBUG	Async JSON file read took 0 MS
1473605617790	addons.xpi-utils	DEBUG	Finished async read of XPI database, parsing...
1473605617799	addons.xpi-utils	DEBUG	Successfully read XPI database
1473605617844	addons.manager	DEBUG	Starting provider: &lt;unnamed-provider&gt;
1473605617844	addons.manager	DEBUG	Registering shutdown blocker for &lt;unnamed-provider&gt;
1473605617846	addons.manager	DEBUG	Provider finished startup: &lt;unnamed-provider&gt;
*** Blocklist::_loadBlocklistFromFile: blocklist is disabled
1473605618200	addons.manager	DEBUG	Starting provider: PreviousExperimentProvider
1473605618200	addons.manager	DEBUG	Registering shutdown blocker for PreviousExperimentProvider
1473605618202	addons.manager	DEBUG	Provider finished startup: PreviousExperimentProvider
JavaScript warning: https://normandy.cdn.mozilla.net/static/bundles/selfrepair-5c0beb002c2cc297accf.57474d2dada3.js, line 7: mutating the [[Prototype]] of an object will cause your code to run very slowly; instead create the object with the correct initial [[Prototype]] value using Object.create

Build info: version: &#039;2.42.2&#039;, revision: &#039;6a6995d31c7c56c340d6f45a76976d43506cd6cc&#039;, time: &#039;2014-06-03 10:52:47&#039;
System info: host: &#039;srinivas&#039;, ip: &#039;192.168.56.1&#039;, os.name: &#039;Windows 8.1&#039;, os.arch: &#039;amd64&#039;, os.version: &#039;6.3&#039;, java.version: &#039;1.8.0_65&#039;
Driver info: driver.version: FirefoxDriver">
      <![CDATA[org.openqa.selenium.WebDriverException: Failed to connect to binary FirefoxBinary(C:\Program Files (x86)\Mozilla Firefox\firefox.exe) on port 7055; process output follows: 
ce6fd}.xpi","e":true,"v":"47.0.1","st":1473601777912}}}
1473605615772	addons.xpi	DEBUG	No changes found
1473605615795	addons.xpi	DEBUG	Registering manifest for C:\Program Files (x86)\Mozilla Firefox\browser\features\e10srollout@mozilla.org.xpi
1473605615797	addons.xpi	DEBUG	Loading bootstrap scope from C:\Program Files (x86)\Mozilla Firefox\browser\features\e10srollout@mozilla.org.xpi
1473605615839	addons.xpi	DEBUG	Calling bootstrap method startup on e10srollout@mozilla.org version 1.0
1473605615840	addons.xpi	DEBUG	Registering manifest for C:\Program Files (x86)\Mozilla Firefox\browser\features\firefox@getpocket.com.xpi
1473605615842	addons.xpi	DEBUG	Loading bootstrap scope from C:\Program Files (x86)\Mozilla Firefox\browser\features\firefox@getpocket.com.xpi
1473605615855	addons.xpi	DEBUG	Calling bootstrap method startup on firefox@getpocket.com version 1.0.2
1473605615880	addons.xpi-utils	DEBUG	Starting async load of XPI database C:\WINDOWS\TEMP\anonymous81890486667789657webdriver-profile\extensions.json
1473605615884	addons.xpi	DEBUG	Registering manifest for C:\Program Files (x86)\Mozilla Firefox\browser\features\loop@mozilla.org.xpi
1473605615904	addons.xpi	DEBUG	Loading bootstrap scope from C:\Program Files (x86)\Mozilla Firefox\browser\features\loop@mozilla.org.xpi
1473605615923	addons.xpi	DEBUG	Calling bootstrap method startup on loop@mozilla.org version 1.3.2
1473605615988	addons.xpi	DEBUG	Registering manifest for C:\Program Files (x86)\Mozilla Firefox\browser\extensions\{82AF8DCA-6DE9-405D-BD5E-43525BDAD38A}.xpi
1473605615989	addons.xpi	DEBUG	Loading bootstrap scope from C:\Program Files (x86)\Mozilla Firefox\browser\extensions\{82AF8DCA-6DE9-405D-BD5E-43525BDAD38A}.xpi
1473605616253	addons.xpi	DEBUG	Calling bootstrap method startup on {82AF8DCA-6DE9-405D-BD5E-43525BDAD38A} version 8.3.0.9150
1473605616270	addons.manager	DEBUG	Registering shutdown blocker for XPIProvider
1473605616272	addons.manager	DEBUG	Provider finished startup: XPIProvider
1473605616272	addons.manager	DEBUG	Starting provider: LightweightThemeManager
1473605616272	addons.manager	DEBUG	Registering shutdown blocker for LightweightThemeManager
1473605616273	addons.manager	DEBUG	Provider finished startup: LightweightThemeManager
1473605616274	addons.manager	DEBUG	Starting provider: GMPProvider
1473605616295	addons.manager	DEBUG	Registering shutdown blocker for GMPProvider
1473605616296	addons.manager	DEBUG	Provider finished startup: GMPProvider
1473605616296	addons.manager	DEBUG	Starting provider: PluginProvider
1473605616297	addons.manager	DEBUG	Registering shutdown blocker for PluginProvider
1473605616298	addons.manager	DEBUG	Provider finished startup: PluginProvider
1473605616299	addons.manager	DEBUG	Completed startup sequence
JavaScript warning: resource://gre/modules/commonjs/toolkit/loader.js -> resource://gre/modules/commonjs/sdk/system/environment.js, line 15: Proxy.create and Proxy.createFunction are deprecated, use new Proxy instead
1473605617790	addons.xpi-utils	DEBUG	Async JSON file read took 0 MS
1473605617790	addons.xpi-utils	DEBUG	Finished async read of XPI database, parsing...
1473605617799	addons.xpi-utils	DEBUG	Successfully read XPI database
1473605617844	addons.manager	DEBUG	Starting provider: <unnamed-provider>
1473605617844	addons.manager	DEBUG	Registering shutdown blocker for <unnamed-provider>
1473605617846	addons.manager	DEBUG	Provider finished startup: <unnamed-provider>
*** Blocklist::_loadBlocklistFromFile: blocklist is disabled
1473605618200	addons.manager	DEBUG	Starting provider: PreviousExperimentProvider
1473605618200	addons.manager	DEBUG	Registering shutdown blocker for PreviousExperimentProvider
1473605618202	addons.manager	DEBUG	Provider finished startup: PreviousExperimentProvider
JavaScript warning: https://normandy.cdn.mozilla.net/static/bundles/selfrepair-5c0beb002c2cc297accf.57474d2dada3.js, line 7: mutating the [[Prototype]] of an object will cause your code to run very slowly; instead create the object with the correct initial [[Prototype]] value using Object.create

Build info: version: '2.42.2', revision: '6a6995d31c7c56c340d6f45a76976d43506cd6cc', time: '2014-06-03 10:52:47'
System info: host: 'srinivas', ip: '192.168.56.1', os.name: 'Windows 8.1', os.arch: 'amd64', os.version: '6.3', java.version: '1.8.0_65'
Driver info: driver.version: FirefoxDriver
	at org.openqa.selenium.firefox.internal.NewProfileExtensionConnection.start(NewProfileExtensionConnection.java:130)
	at org.openqa.selenium.firefox.FirefoxDriver.startClient(FirefoxDriver.java:246)
	at org.openqa.selenium.remote.RemoteWebDriver.<init>(RemoteWebDriver.java:114)
	at org.openqa.selenium.firefox.FirefoxDriver.<init>(FirefoxDriver.java:191)
	at org.openqa.selenium.firefox.FirefoxDriver.<init>(FirefoxDriver.java:186)
	at org.openqa.selenium.firefox.FirefoxDriver.<init>(FirefoxDriver.java:182)
	at org.openqa.selenium.firefox.FirefoxDriver.<init>(FirefoxDriver.java:95)
	at com.sample.selenium.test.SampleTestCase.testCase01(SampleTestCase.java:13)
	at sun.reflect.NativeMethodAccessorImpl.invoke0(Native Method)
	at sun.reflect.NativeMethodAccessorImpl.invoke(NativeMethodAccessorImpl.java:62)
	at sun.reflect.DelegatingMethodAccessorImpl.invoke(DelegatingMethodAccessorImpl.java:43)
	at java.lang.reflect.Method.invoke(Method.java:497)
	at org.testng.internal.MethodInvocationHelper.invokeMethod(MethodInvocationHelper.java:80)
	at org.testng.internal.Invoker.invokeMethod(Invoker.java:714)
	at org.testng.internal.Invoker.invokeTestMethod(Invoker.java:901)
	at org.testng.internal.Invoker.invokeTestMethods(Invoker.java:1231)
	at org.testng.internal.TestMethodWorker.invokeTestMethods(TestMethodWorker.java:127)
	at org.testng.internal.TestMethodWorker.run(TestMethodWorker.java:111)
	at org.testng.TestRunner.privateRun(TestRunner.java:767)
	at org.testng.TestRunner.run(TestRunner.java:617)
	at org.testng.SuiteRunner.runTest(SuiteRunner.java:334)
	at org.testng.SuiteRunner.runSequentially(SuiteRunner.java:329)
	at org.testng.SuiteRunner.privateRun(SuiteRunner.java:291)
	at org.testng.SuiteRunner.run(SuiteRunner.java:240)
	at org.testng.SuiteRunnerWorker.runSuite(SuiteRunnerWorker.java:52)
	at org.testng.SuiteRunnerWorker.run(SuiteRunnerWorker.java:86)
	at org.testng.TestNG.runSuitesSequentially(TestNG.java:1198)
	at org.testng.TestNG.runSuitesLocally(TestNG.java:1123)
	at org.testng.TestNG.run(TestNG.java:1031)
	at org.testng.remote.AbstractRemoteTestNG.run(AbstractRemoteTestNG.java:126)
	at org.testng.remote.RemoteTestNG.initAndRun(RemoteTestNG.java:152)
	at org.testng.remote.RemoteTestNG.main(RemoteTestNG.java:57)
Caused by: org.openqa.selenium.firefox.NotConnectedException: Unable to connect to host 127.0.0.1 on port 7055 after 45000 ms. Firefox console output:
ce6fd}.xpi","e":true,"v":"47.0.1","st":1473601777912}}}
1473605615772	addons.xpi	DEBUG	No changes found
1473605615795	addons.xpi	DEBUG	Registering manifest for C:\Program Files (x86)\Mozilla Firefox\browser\features\e10srollout@mozilla.org.xpi
1473605615797	addons.xpi	DEBUG	Loading bootstrap scope from C:\Program Files (x86)\Mozilla Firefox\browser\features\e10srollout@mozilla.org.xpi
1473605615839	addons.xpi	DEBUG	Calling bootstrap method startup on e10srollout@mozilla.org version 1.0
1473605615840	addons.xpi	DEBUG	Registering manifest for C:\Program Files (x86)\Mozilla Firefox\browser\features\firefox@getpocket.com.xpi
1473605615842	addons.xpi	DEBUG	Loading bootstrap scope from C:\Program Files (x86)\Mozilla Firefox\browser\features\firefox@getpocket.com.xpi
1473605615855	addons.xpi	DEBUG	Calling bootstrap method startup on firefox@getpocket.com version 1.0.2
1473605615880	addons.xpi-utils	DEBUG	Starting async load of XPI database C:\WINDOWS\TEMP\anonymous81890486667789657webdriver-profile\extensions.json
1473605615884	addons.xpi	DEBUG	Registering manifest for C:\Program Files (x86)\Mozilla Firefox\browser\features\loop@mozilla.org.xpi
1473605615904	addons.xpi	DEBUG	Loading bootstrap scope from C:\Program Files (x86)\Mozilla Firefox\browser\features\loop@mozilla.org.xpi
1473605615923	addons.xpi	DEBUG	Calling bootstrap method startup on loop@mozilla.org version 1.3.2
1473605615988	addons.xpi	DEBUG	Registering manifest for C:\Program Files (x86)\Mozilla Firefox\browser\extensions\{82AF8DCA-6DE9-405D-BD5E-43525BDAD38A}.xpi
1473605615989	addons.xpi	DEBUG	Loading bootstrap scope from C:\Program Files (x86)\Mozilla Firefox\browser\extensions\{82AF8DCA-6DE9-405D-BD5E-43525BDAD38A}.xpi
1473605616253	addons.xpi	DEBUG	Calling bootstrap method startup on {82AF8DCA-6DE9-405D-BD5E-43525BDAD38A} version 8.3.0.9150
1473605616270	addons.manager	DEBUG	Registering shutdown blocker for XPIProvider
1473605616272	addons.manager	DEBUG	Provider finished startup: XPIProvider
1473605616272	addons.manager	DEBUG	Starting provider: LightweightThemeManager
1473605616272	addons.manager	DEBUG	Registering shutdown blocker for LightweightThemeManager
1473605616273	addons.manager	DEBUG	Provider finished startup: LightweightThemeManager
1473605616274	addons.manager	DEBUG	Starting provider: GMPProvider
1473605616295	addons.manager	DEBUG	Registering shutdown blocker for GMPProvider
1473605616296	addons.manager	DEBUG	Provider finished startup: GMPProvider
1473605616296	addons.manager	DEBUG	Starting provider: PluginProvider
1473605616297	addons.manager	DEBUG	Registering shutdown blocker for PluginProvider
1473605616298	addons.manager	DEBUG	Provider finished startup: PluginProvider
1473605616299	addons.manager	DEBUG	Completed startup sequence
JavaScript warning: resource://gre/modules/commonjs/toolkit/loader.js -> resource://gre/modules/commonjs/sdk/system/environment.js, line 15: Proxy.create and Proxy.createFunction are deprecated, use new Proxy instead
1473605617790	addons.xpi-utils	DEBUG	Async JSON file read took 0 MS
1473605617790	addons.xpi-utils	DEBUG	Finished async read of XPI database, parsing...
1473605617799	addons.xpi-utils	DEBUG	Successfully read XPI database
1473605617844	addons.manager	DEBUG	Starting provider: <unnamed-provider>
1473605617844	addons.manager	DEBUG	Registering shutdown blocker for <unnamed-provider>
1473605617846	addons.manager	DEBUG	Provider finished startup: <unnamed-provider>
*** Blocklist::_loadBlocklistFromFile: blocklist is disabled
1473605618200	addons.manager	DEBUG	Starting provider: PreviousExperimentProvider
1473605618200	addons.manager	DEBUG	Registering shutdown blocker for PreviousExperimentProvider
1473605618202	addons.manager	DEBUG	Provider finished startup: PreviousExperimentProvider
JavaScript warning: https://normandy.cdn.mozilla.net/static/bundles/selfrepair-5c0beb002c2cc297accf.57474d2dada3.js, line 7: mutating the [[Prototype]] of an object will cause your code to run very slowly; instead create the object with the correct initial [[Prototype]] value using Object.create

	at org.openqa.selenium.firefox.internal.NewProfileExtensionConnection.start(NewProfileExtensionConnection.java:118)
	... 31 more
]]>
    </failure>
  </testcase> <!-- testCase01 -->
</testsuite> <!-- com.sample.selenium.test.SampleTestCase -->
